<testsuite name="Mocha Tests" tests="10" failures="0" errors="0" skipped="0" timestamp="2017-03-24T14:48:30" time="0.83">
<testcase classname="generator-team-services-extension:hub" name="Extension directory should be created" time="0"/>
<testcase classname="generator-team-services-extension:hub" name="creates files" time="0"/>
<testcase classname="generator-team-services-extension:hub" name="npm install should be called" time="0"/>
<testcase classname="generator-team-services-extension:hub" name="grunt copy should be called" time="0"/>
<testcase classname="generator-team-services-extension:hub" name="grunt typescript should be called" time="0"/>
<testcase classname="generator-team-services-extension:hub" name="grunt package should be called" time="0"/>
<testcase classname="generator-team-services-extension:task" name="Extension directory should be created" time="0"/>
<testcase classname="generator-team-services-extension:task" name="creates files" time="0"/>
<testcase classname="generator-team-services-extension:task" name="npm install should be called" time="0"/>
<testcase classname="generator-team-services-extension:task" name="grunt package should be called" time="0"/>
</testsuite>
